#
# There is insufficient memory for the Java Runtime Environment to continue.
# Native memory allocation (malloc) failed to allocate 262160 bytes for Chunk::new
# Possible reasons:
#   The system is out of physical RAM or swap space
#   In 32 bit mode, the process size limit was hit
# Possible solutions:
#   Reduce memory load on the system
#   Increase physical memory or swap space
#   Check if swap backing store is full
#   Use 64 bit Java on a 64 bit OS
#   Decrease Java heap size (-Xmx/-Xms)
#   Decrease number of Java threads
#   Decrease Java thread stack sizes (-Xss)
#   Set larger code cache with -XX:ReservedCodeCacheSize=
# This output file may be truncated or incomplete.
#
#  Out of Memory Error (allocation.cpp:390), pid=10760, tid=9852
#
# JRE version: Java(TM) SE Runtime Environment (8.0_73-b02) (build 1.8.0_73-b02)
# Java VM: Java HotSpot(TM) 64-Bit Server VM (25.73-b02 mixed mode windows-amd64 compressed oops)
# Failed to write core dump. Minidumps are not enabled by default on client versions of Windows
#

---------------  T H R E A D  ---------------

Current thread (0x0000000014edb800):  JavaThread "C2 CompilerThread0" daemon [_thread_in_native, id=9852, stack(0x00000000164d0000,0x00000000165d0000)]

Stack: [0x00000000164d0000,0x00000000165d0000]
[error occurred during error reporting (printing stack bounds), id 0xc0000005]

Native frames: (J=compiled Java code, j=interpreted, Vv=VM code, C=native code)


Current CompileTask:
C2:   6830 3123   !   4       java.net.URLClassLoader$1::run (63 bytes)


---------------  P R O C E S S  ---------------

Java Threads: ( => current thread )
  0x0000000016849800 JavaThread "Service Thread" daemon [_thread_blocked, id=10112, stack(0x0000000016bd0000,0x0000000016cd0000)]
  0x0000000014ee2800 JavaThread "C1 CompilerThread2" daemon [_thread_blocked, id=10256, stack(0x00000000166d0000,0x00000000167d0000)]
  0x0000000014edf000 JavaThread "C2 CompilerThread1" daemon [_thread_in_native, id=10808, stack(0x00000000165d0000,0x00000000166d0000)]
=>0x0000000014edb800 JavaThread "C2 CompilerThread0" daemon [_thread_in_native, id=9852, stack(0x00000000164d0000,0x00000000165d0000)]
  0x0000000014eda000 JavaThread "Attach Listener" daemon [_thread_blocked, id=5276, stack(0x00000000163d0000,0x00000000164d0000)]
  0x0000000014ed9000 JavaThread "Signal Dispatcher" daemon [_thread_blocked, id=7424, stack(0x00000000162d0000,0x00000000163d0000)]
  0x00000000027e6800 JavaThread "Finalizer" daemon [_thread_blocked, id=5336, stack(0x00000000160f0000,0x00000000161f0000)]
  0x0000000014e59000 JavaThread "Reference Handler" daemon [_thread_blocked, id=10772, stack(0x0000000015ff0000,0x00000000160f0000)]
  0x00000000026f0800 JavaThread "main" [_thread_in_native, id=6876, stack(0x00000000025a0000,0x00000000026a0000)]

Other Threads:
  0x0000000014e56800 VMThread [stack: 0x0000000015ef0000,0x0000000015ff0000] [id=8284]
  0x000000001688e800 WatcherThread [stack: 0x0000000016cd0000,0x0000000016dd0000] [id=10644]

VM state:not at safepoint (normal execution)

VM Mutex/Monitor currently owned by a thread: None

Heap:
 PSYoungGen      total 35328K, used 29317K [0x00000000eb380000, 0x00000000ed880000, 0x0000000100000000)
  eden space 32768K, 81% used [0x00000000eb380000,0x00000000ecda97c0,0x00000000ed380000)
  from space 2560K, 98% used [0x00000000ed600000,0x00000000ed878020,0x00000000ed880000)
  to   space 2560K, 0% used [0x00000000ed380000,0x00000000ed380000,0x00000000ed600000)
 ParOldGen       total 44032K, used 12992K [0x00000000c1a00000, 0x00000000c4500000, 0x00000000eb380000)
  object space 44032K, 29% used [0x00000000c1a00000,0x00000000c26b0268,0x00000000c4500000)
 Metaspace       used 17446K, capacity 18008K, committed 18176K, reserved 1064960K
  class space    used 2102K, capacity 2271K, committed 2304K, reserved 1048576K

Card table byte_map: [0x0000000011c70000,0x0000000011e70000] byte_map_base: 0x0000000011663000

Marking Bits: (ParMarkBitMap*) 0x0000000076e20600
 Begin Bits: [0x00000000123c0000, 0x0000000013358000)
 End Bits:   [0x0000000013358000, 0x00000000142f0000)

Polling page: 0x0000000000e20000

CodeCache: size=245760Kb used=10238Kb max_used=10238Kb free=235521Kb
 bounds [0x00000000028b0000, 0x00000000032c0000, 0x00000000118b0000]
 total_blobs=3472 nmethods=3126 adapters=258
 compilation: enabled

Compilation events (10 events):
Event: 6.720 Thread 0x0000000014ee2800 3128       3       org.codehaus.plexus.archiver.zip.ZipLong::getBytes (67 bytes)
Event: 6.720 Thread 0x0000000014ee2800 nmethod 3128 0x00000000032b68d0 code [0x00000000032b6a20, 0x00000000032b6c70]
Event: 6.720 Thread 0x0000000014ee2800 3129       3       sun.util.calendar.ZoneInfo::getOffsets (276 bytes)
Event: 6.722 Thread 0x0000000014ee2800 nmethod 3129 0x00000000032b6d10 code [0x00000000032b6f40, 0x00000000032b7cc8]
Event: 6.722 Thread 0x0000000014ee2800 3130       3       org.codehaus.plexus.archiver.zip.ZipShort::<init> (10 bytes)
Event: 6.722 Thread 0x0000000014ee2800 nmethod 3130 0x00000000032b8510 code [0x00000000032b8660, 0x00000000032b8810]
Event: 6.722 Thread 0x0000000014ee2800 3131       3       org.codehaus.plexus.archiver.zip.ZipShort::getBytes (32 bytes)
Event: 6.723 Thread 0x0000000014ee2800 nmethod 3131 0x00000000032b88d0 code [0x00000000032b8a20, 0x00000000032b8c10]
Event: 6.723 Thread 0x0000000014ee2800 3132       3       sun.util.calendar.Gregorian$Date::setNormalizedYear (7 bytes)
Event: 6.723 Thread 0x0000000014ee2800 nmethod 3132 0x00000000032b8cd0 code [0x00000000032b8e40, 0x00000000032b90b0]

GC Heap History (10 events):
Event: 1.252 GC heap before
{Heap before GC invocations=2 (full 0):
 PSYoungGen      total 18944K, used 18920K [0x00000000eb380000, 0x00000000ec880000, 0x0000000100000000)
  eden space 16384K, 100% used [0x00000000eb380000,0x00000000ec380000,0x00000000ec380000)
  from space 2560K, 99% used [0x00000000ec380000,0x00000000ec5fa1a8,0x00000000ec600000)
  to   space 2560K, 0% used [0x00000000ec600000,0x00000000ec600000,0x00000000ec880000)
 ParOldGen       total 44032K, used 1235K [0x00000000c1a00000, 0x00000000c4500000, 0x00000000eb380000)
  object space 44032K, 2% used [0x00000000c1a00000,0x00000000c1b34c10,0x00000000c4500000)
 Metaspace       used 8106K, capacity 8284K, committed 8576K, reserved 1056768K
  class space    used 1009K, capacity 1080K, committed 1152K, reserved 1048576K
Event: 1.258 GC heap after
Heap after GC invocations=2 (full 0):
 PSYoungGen      total 18944K, used 2541K [0x00000000eb380000, 0x00000000ed880000, 0x0000000100000000)
  eden space 16384K, 0% used [0x00000000eb380000,0x00000000eb380000,0x00000000ec380000)
  from space 2560K, 99% used [0x00000000ec600000,0x00000000ec87b430,0x00000000ec880000)
  to   space 2560K, 0% used [0x00000000ec380000,0x00000000ec380000,0x00000000ec600000)
 ParOldGen       total 44032K, used 1654K [0x00000000c1a00000, 0x00000000c4500000, 0x00000000eb380000)
  object space 44032K, 3% used [0x00000000c1a00000,0x00000000c1b9d8a0,0x00000000c4500000)
 Metaspace       used 8106K, capacity 8284K, committed 8576K, reserved 1056768K
  class space    used 1009K, capacity 1080K, committed 1152K, reserved 1048576K
}
Event: 1.612 GC heap before
{Heap before GC invocations=3 (full 0):
 PSYoungGen      total 18944K, used 18925K [0x00000000eb380000, 0x00000000ed880000, 0x0000000100000000)
  eden space 16384K, 100% used [0x00000000eb380000,0x00000000ec380000,0x00000000ec380000)
  from space 2560K, 99% used [0x00000000ec600000,0x00000000ec87b430,0x00000000ec880000)
  to   space 2560K, 0% used [0x00000000ec380000,0x00000000ec380000,0x00000000ec600000)
 ParOldGen       total 44032K, used 1654K [0x00000000c1a00000, 0x00000000c4500000, 0x00000000eb380000)
  object space 44032K, 3% used [0x00000000c1a00000,0x00000000c1b9d8a0,0x00000000c4500000)
 Metaspace       used 10367K, capacity 10526K, committed 10624K, reserved 1058816K
  class space    used 1289K, capacity 1379K, committed 1408K, reserved 1048576K
Event: 1.620 GC heap after
Heap after GC invocations=3 (full 0):
 PSYoungGen      total 18944K, used 2544K [0x00000000eb380000, 0x00000000ed880000, 0x0000000100000000)
  eden space 16384K, 0% used [0x00000000eb380000,0x00000000eb380000,0x00000000ec380000)
  from space 2560K, 99% used [0x00000000ec380000,0x00000000ec5fc010,0x00000000ec600000)
  to   space 2560K, 0% used [0x00000000ed600000,0x00000000ed600000,0x00000000ed880000)
 ParOldGen       total 44032K, used 3869K [0x00000000c1a00000, 0x00000000c4500000, 0x00000000eb380000)
  object space 44032K, 8% used [0x00000000c1a00000,0x00000000c1dc75d8,0x00000000c4500000)
 Metaspace       used 10367K, capacity 10526K, committed 10624K, reserved 1058816K
  class space    used 1289K, capacity 1379K, committed 1408K, reserved 1048576K
}
Event: 2.264 GC heap before
{Heap before GC invocations=4 (full 0):
 PSYoungGen      total 18944K, used 18928K [0x00000000eb380000, 0x00000000ed880000, 0x0000000100000000)
  eden space 16384K, 100% used [0x00000000eb380000,0x00000000ec380000,0x00000000ec380000)
  from space 2560K, 99% used [0x00000000ec380000,0x00000000ec5fc010,0x00000000ec600000)
  to   space 2560K, 0% used [0x00000000ed600000,0x00000000ed600000,0x00000000ed880000)
 ParOldGen       total 44032K, used 3869K [0x00000000c1a00000, 0x00000000c4500000, 0x00000000eb380000)
  object space 44032K, 8% used [0x00000000c1a00000,0x00000000c1dc75d8,0x00000000c4500000)
 Metaspace       used 12800K, capacity 12928K, committed 13312K, reserved 1060864K
  class space    used 1621K, capacity 1704K, committed 1792K, reserved 1048576K
Event: 2.277 GC heap after
Heap after GC invocations=4 (full 0):
 PSYoungGen      total 35328K, used 2528K [0x00000000eb380000, 0x00000000ed880000, 0x0000000100000000)
  eden space 32768K, 0% used [0x00000000eb380000,0x00000000eb380000,0x00000000ed380000)
  from space 2560K, 98% used [0x00000000ed600000,0x00000000ed878020,0x00000000ed880000)
  to   space 2560K, 0% used [0x00000000ed380000,0x00000000ed380000,0x00000000ed600000)
 ParOldGen       total 44032K, used 6740K [0x00000000c1a00000, 0x00000000c4500000, 0x00000000eb380000)
  object space 44032K, 15% used [0x00000000c1a00000,0x00000000c2095118,0x00000000c4500000)
 Metaspace       used 12800K, capacity 12928K, committed 13312K, reserved 1060864K
  class space    used 1621K, capacity 1704K, committed 1792K, reserved 1048576K
}
Event: 4.064 GC heap before
{Heap before GC invocations=5 (full 0):
 PSYoungGen      total 35328K, used 35296K [0x00000000eb380000, 0x00000000ed880000, 0x0000000100000000)
  eden space 32768K, 100% used [0x00000000eb380000,0x00000000ed380000,0x00000000ed380000)
  from space 2560K, 98% used [0x00000000ed600000,0x00000000ed878020,0x00000000ed880000)
  to   space 2560K, 0% used [0x00000000ed380000,0x00000000ed380000,0x00000000ed600000)
 ParOldGen       total 44032K, used 6740K [0x00000000c1a00000, 0x00000000c4500000, 0x00000000eb380000)
  object space 44032K, 15% used [0x00000000c1a00000,0x00000000c2095118,0x00000000c4500000)
 Metaspace       used 15110K, capacity 15350K, committed 15616K, reserved 1062912K
  class space    used 1842K, capacity 1943K, committed 2048K, reserved 1048576K
Event: 4.078 GC heap after
Heap after GC invocations=5 (full 0):
 PSYoungGen      total 35328K, used 2560K [0x00000000eb380000, 0x00000000ed880000, 0x0000000100000000)
  eden space 32768K, 0% used [0x00000000eb380000,0x00000000eb380000,0x00000000ed380000)
  from space 2560K, 100% used [0x00000000ed380000,0x00000000ed600000,0x00000000ed600000)
  to   space 2560K, 0% used [0x00000000ed600000,0x00000000ed600000,0x00000000ed880000)
 ParOldGen       total 44032K, used 10024K [0x00000000c1a00000, 0x00000000c4500000, 0x00000000eb380000)
  object space 44032K, 22% used [0x00000000c1a00000,0x00000000c23ca030,0x00000000c4500000)
 Metaspace       used 15110K, capacity 15350K, committed 15616K, reserved 1062912K
  class space    used 1842K, capacity 1943K, committed 2048K, reserved 1048576K
}
Event: 5.397 GC heap before
{Heap before GC invocations=6 (full 0):
 PSYoungGen      total 35328K, used 35328K [0x00000000eb380000, 0x00000000ed880000, 0x0000000100000000)
  eden space 32768K, 100% used [0x00000000eb380000,0x00000000ed380000,0x00000000ed380000)
  from space 2560K, 100% used [0x00000000ed380000,0x00000000ed600000,0x00000000ed600000)
  to   space 2560K, 0% used [0x00000000ed600000,0x00000000ed600000,0x00000000ed880000)
 ParOldGen       total 44032K, used 10024K [0x00000000c1a00000, 0x00000000c4500000, 0x00000000eb380000)
  object space 44032K, 22% used [0x00000000c1a00000,0x00000000c23ca030,0x00000000c4500000)
 Metaspace       used 16218K, capacity 16618K, committed 16768K, reserved 1064960K
  class space    used 1949K, capacity 2091K, committed 2176K, reserved 1048576K
Event: 5.415 GC heap after
Heap after GC invocations=6 (full 0):
 PSYoungGen      total 35328K, used 2528K [0x00000000eb380000, 0x00000000ed880000, 0x0000000100000000)
  eden space 32768K, 0% used [0x00000000eb380000,0x00000000eb380000,0x00000000ed380000)
  from space 2560K, 98% used [0x00000000ed600000,0x00000000ed878020,0x00000000ed880000)
  to   space 2560K, 0% used [0x00000000ed380000,0x00000000ed380000,0x00000000ed600000)
 ParOldGen       total 44032K, used 12992K [0x00000000c1a00000, 0x00000000c4500000, 0x00000000eb380000)
  object space 44032K, 29% used [0x00000000c1a00000,0x00000000c26b0268,0x00000000c4500000)
 Metaspace       used 16218K, capacity 16618K, committed 16768K, reserved 1064960K
  class space    used 1949K, capacity 2091K, committed 2176K, reserved 1048576K
}

Deoptimization events (10 events):
Event: 6.035 Thread 0x00000000026f0800 Uncommon trap: reason=unstable_if action=reinterpret pc=0x0000000002fb65fc method=org.apache.maven.model.io.xpp3.MavenXpp3Reader.nextTag(Lorg/codehaus/plexus/util/xml/pull/XmlPullParser;)I @ 9
Event: 6.607 Thread 0x00000000026f0800 Uncommon trap: reason=class_check action=maybe_recompile pc=0x0000000002f3f7f0 method=java.util.Hashtable.put(Ljava/lang/Object;Ljava/lang/Object;)Ljava/lang/Object; @ 18
Event: 6.609 Thread 0x00000000026f0800 Uncommon trap: reason=class_check action=maybe_recompile pc=0x0000000002f3f7f0 method=java.util.Hashtable.put(Ljava/lang/Object;Ljava/lang/Object;)Ljava/lang/Object; @ 18
Event: 6.610 Thread 0x00000000026f0800 Uncommon trap: reason=class_check action=maybe_recompile pc=0x0000000002f3f7f0 method=java.util.Hashtable.put(Ljava/lang/Object;Ljava/lang/Object;)Ljava/lang/Object; @ 18
Event: 6.611 Thread 0x00000000026f0800 Uncommon trap: reason=class_check action=maybe_recompile pc=0x0000000002f3f7f0 method=java.util.Hashtable.put(Ljava/lang/Object;Ljava/lang/Object;)Ljava/lang/Object; @ 18
Event: 6.613 Thread 0x00000000026f0800 Uncommon trap: reason=class_check action=maybe_recompile pc=0x0000000002f485d8 method=java.util.Hashtable.addEntry(ILjava/lang/Object;Ljava/lang/Object;I)V @ 38
Event: 6.715 Thread 0x00000000026f0800 Uncommon trap: reason=class_check action=maybe_recompile pc=0x0000000002f83848 method=java.util.Hashtable.get(Ljava/lang/Object;)Ljava/lang/Object; @ 6
Event: 6.715 Thread 0x00000000026f0800 Uncommon trap: reason=class_check action=maybe_recompile pc=0x0000000002f83848 method=java.util.Hashtable.get(Ljava/lang/Object;)Ljava/lang/Object; @ 6
Event: 6.716 Thread 0x00000000026f0800 Uncommon trap: reason=class_check action=maybe_recompile pc=0x0000000002f83848 method=java.util.Hashtable.get(Ljava/lang/Object;)Ljava/lang/Object; @ 6
Event: 6.716 Thread 0x00000000026f0800 Uncommon trap: reason=class_check action=maybe_recompile pc=0x0000000002f83848 method=java.util.Hashtable.get(Ljava/lang/Object;)Ljava/lang/Object; @ 6

Internal exceptions (10 events):
Event: 2.450 Thread 0x00000000026f0800 Exception <a 'java/lang/NullPointerException'> (0x00000000eb717478) thrown at [D:\re\puppet\workspace\8-2-build-windows-amd64-cygwin\jdk8u73\6086\hotspot\src\share\vm\interpreter\linkResolver.cpp, line 1178]
Event: 2.450 Thread 0x00000000026f0800 Exception <a 'java/lang/NullPointerException'> (0x00000000eb717690) thrown at [D:\re\puppet\workspace\8-2-build-windows-amd64-cygwin\jdk8u73\6086\hotspot\src\share\vm\interpreter\linkResolver.cpp, line 1178]
Event: 2.451 Thread 0x00000000026f0800 Exception <a 'java/lang/NullPointerException'> (0x00000000eb7178a8) thrown at [D:\re\puppet\workspace\8-2-build-windows-amd64-cygwin\jdk8u73\6086\hotspot\src\share\vm\interpreter\linkResolver.cpp, line 1178]
Event: 2.452 Thread 0x00000000026f0800 Exception <a 'java/lang/NullPointerException'> (0x00000000eb7270c0) thrown at [D:\re\puppet\workspace\8-2-build-windows-amd64-cygwin\jdk8u73\6086\hotspot\src\share\vm\interpreter\linkResolver.cpp, line 1178]
Event: 2.452 Thread 0x00000000026f0800 Exception <a 'java/lang/NullPointerException'> (0x00000000eb7272d8) thrown at [D:\re\puppet\workspace\8-2-build-windows-amd64-cygwin\jdk8u73\6086\hotspot\src\share\vm\interpreter\linkResolver.cpp, line 1178]
Event: 2.452 Thread 0x00000000026f0800 Exception <a 'java/lang/NullPointerException'> (0x00000000eb7274f0) thrown at [D:\re\puppet\workspace\8-2-build-windows-amd64-cygwin\jdk8u73\6086\hotspot\src\share\vm\interpreter\linkResolver.cpp, line 1178]
Event: 3.065 Thread 0x00000000026f0800 Implicit null exception at 0x0000000002b4ae15 to 0x0000000002b4b011
Event: 3.065 Thread 0x00000000026f0800 Implicit null exception at 0x0000000002c0d6ef to 0x0000000002c0d759
Event: 3.365 Thread 0x00000000026f0800 Implicit null exception at 0x0000000002f125a5 to 0x0000000002f13769
Event: 5.272 Thread 0x00000000026f0800 Implicit null exception at 0x0000000003142db0 to 0x0000000003143f1d

Events (10 events):
Event: 6.715 Thread 0x00000000026f0800 DEOPT PACKING pc=0x0000000002f83848 sp=0x000000000269df60
Event: 6.715 Thread 0x00000000026f0800 DEOPT UNPACKING pc=0x00000000028f582a sp=0x000000000269df18 mode 2
Event: 6.716 Thread 0x00000000026f0800 Uncommon trap: trap_request=0xffffffde fr.pc=0x0000000002f83848
Event: 6.716 Thread 0x00000000026f0800 DEOPT PACKING pc=0x0000000002f83848 sp=0x000000000269df60
Event: 6.716 Thread 0x00000000026f0800 DEOPT UNPACKING pc=0x00000000028f582a sp=0x000000000269df18 mode 2
Event: 6.716 Thread 0x00000000026f0800 Uncommon trap: trap_request=0xffffffde fr.pc=0x0000000002f83848
Event: 6.716 Thread 0x00000000026f0800 DEOPT PACKING pc=0x0000000002f83848 sp=0x000000000269df60
Event: 6.716 Thread 0x00000000026f0800 DEOPT UNPACKING pc=0x00000000028f582a sp=0x000000000269df18 mode 2
Event: 6.722 loading class java/io/RandomAccessFile$1
Event: 6.723 loading class java/io/RandomAccessFile$1 done


Dynamic libraries:
0x00007ff6654c0000 - 0x00007ff6654f7000 	C:\PATH\JAVA\bin\java.exe
0x00007ff854fb0000 - 0x00007ff855172000 	C:\Windows\SYSTEM32\ntdll.dll
0x00007ff852af0000 - 0x00007ff852b9d000 	C:\Windows\system32\KERNEL32.DLL
0x00007ff852170000 - 0x00007ff85234d000 	C:\Windows\system32\KERNELBASE.dll
0x00007ff852640000 - 0x00007ff8526e6000 	C:\Windows\system32\ADVAPI32.dll
0x00007ff8548d0000 - 0x00007ff85496d000 	C:\Windows\system32\msvcrt.dll
0x00007ff852ba0000 - 0x00007ff852bfb000 	C:\Windows\system32\sechost.dll
0x00007ff854b20000 - 0x00007ff854c46000 	C:\Windows\system32\RPCRT4.dll
0x00007ff854470000 - 0x00007ff8545be000 	C:\Windows\system32\USER32.dll
0x00007ff8545c0000 - 0x00007ff854746000 	C:\Windows\system32\GDI32.dll
0x00007ff849290000 - 0x00007ff849504000 	C:\Windows\WinSxS\amd64_microsoft.windows.common-controls_6595b64144ccf1df_6.0.10240.16384_none_f41f7b285750ef43\COMCTL32.dll
0x00007ff8526f0000 - 0x00007ff852726000 	C:\Windows\system32\IMM32.DLL
0x00007ff854300000 - 0x00007ff85445c000 	C:\Windows\system32\MSCTF.dll
0x00000000760b0000 - 0x0000000076182000 	C:\PATH\JAVA\jre\bin\msvcr100.dll
0x0000000076610000 - 0x0000000076ea0000 	C:\PATH\JAVA\jre\bin\server\jvm.dll
0x00007ff8548a0000 - 0x00007ff8548a8000 	C:\Windows\system32\PSAPI.DLL
0x00007ff84ffa0000 - 0x00007ff84ffaa000 	C:\Windows\SYSTEM32\VERSION.dll
0x00007ff8502e0000 - 0x00007ff850303000 	C:\Windows\SYSTEM32\WINMM.dll
0x00007ff83b4d0000 - 0x00007ff83b4d9000 	C:\Windows\SYSTEM32\WSOCK32.dll
0x00007ff854c50000 - 0x00007ff854cb9000 	C:\Windows\system32\WS2_32.dll
0x00007ff854460000 - 0x00007ff854468000 	C:\Windows\system32\NSI.dll
0x00007ff850280000 - 0x00007ff8502ac000 	C:\Windows\SYSTEM32\WINMMBASE.dll
0x00007ff851af0000 - 0x00007ff851b34000 	C:\Windows\system32\cfgmgr32.dll
0x00007ff8516c0000 - 0x00007ff8516e7000 	C:\Windows\SYSTEM32\DEVOBJ.dll
0x0000000076520000 - 0x000000007652f000 	C:\PATH\JAVA\jre\bin\verify.dll
0x00000000764f0000 - 0x0000000076519000 	C:\PATH\JAVA\jre\bin\java.dll
0x00000000764d0000 - 0x00000000764e6000 	C:\PATH\JAVA\jre\bin\zip.dll
0x00007ff852cb0000 - 0x00007ff854218000 	C:\Windows\system32\SHELL32.dll
0x00007ff851b40000 - 0x00007ff852168000 	C:\Windows\system32\windows.storage.dll
0x00007ff852730000 - 0x00007ff8529ac000 	C:\Windows\system32\combase.dll
0x00007ff8529b0000 - 0x00007ff852a01000 	C:\Windows\system32\shlwapi.dll
0x00007ff851a10000 - 0x00007ff851a1f000 	C:\Windows\system32\kernel.appcore.dll
0x00007ff852350000 - 0x00007ff852403000 	C:\Windows\system32\shcore.dll
0x00007ff8519a0000 - 0x00007ff8519ea000 	C:\Windows\system32\powrprof.dll
0x00007ff8519f0000 - 0x00007ff851a03000 	C:\Windows\system32\profapi.dll
0x00007ff854cc0000 - 0x00007ff854d7e000 	C:\Windows\system32\OLEAUT32.dll
0x00000000764b0000 - 0x00000000764ca000 	C:\PATH\JAVA\jre\bin\net.dll
0x00007ff850f00000 - 0x00007ff850f5d000 	C:\Windows\system32\mswsock.dll
0x0000000076490000 - 0x00000000764a1000 	C:\PATH\JAVA\jre\bin\nio.dll

VM Arguments:
jvm_args: -Dclassworlds.conf=C:\PATH\apache-maven-3.3.9/bin/m2.conf -Dmaven.home=C:\PATH\apache-maven-3.3.9 -Dmaven.multiModuleProjectDirectory=C:\cygwin64\home\l3lock\game01 
java_command: org.codehaus.plexus.classworlds.launcher.Launcher test -Pjava
java_class_path (initial): C:\PATH\apache-maven-3.3.9/boot/plexus-classworlds-2.5.2.jar
Launcher Type: SUN_STANDARD

Environment Variables:
JAVA_HOME=C:\PATH\JAVA
PATH=C:\cygwin64\usr\local\bin;C:\cygwin64\bin;C:\Program Files (x86)\Intel\iCLS Client;C:\Program Files\Intel\iCLS Client;C:\Windows\system32;C:\Windows;C:\Windows\System32\Wbem;C:\Windows\System32\WindowsPowerShell\v1.0;C:\Program Files (x86)\Intel\Intel(R) Management Engine Components\DAL;C:\Program Files\Intel\Intel(R) Management Engine Components\DAL;C:\Program Files (x86)\Intel\Intel(R) Management Engine Components\IPT;C:\Program Files\Intel\Intel(R) Management Engine Components\IPT;C:\PATH\JAVA\bin;C:\PATH\apache-maven-3.3.9\bin;C:\Windows\system32\config\systemprofile\.dnx\bin;C:\Program Files\Microsoft DNX\Dnvm
USERNAME=l3lock
SHELL=/bin/bash
OS=Windows_NT
PROCESSOR_IDENTIFIER=Intel64 Family 6 Model 69 Stepping 1, GenuineIntel



---------------  S Y S T E M  ---------------

OS: Windows 10.0 , 64 bit Build 10240 (10.0.10240.16384)

CPU:total 4 (2 cores per cpu, 2 threads per core) family 6 model 69 stepping 1, cmov, cx8, fxsr, mmx, sse, sse2, sse3, ssse3, sse4.1, sse4.2, popcnt, avx, avx2, aes, clmul, erms, lzcnt, ht, tsc, tscinvbit, bmi1, bmi2

Memory: 4k page, physical 4079980k(477160k free), swap 16662892k(4888k free)

vm_info: Java HotSpot(TM) 64-Bit Server VM (25.73-b02) for windows-amd64 JRE (1.8.0_73-b02), built on Jan 29 2016 17:38:49 by "java_re" with MS VC++ 10.0 (VS2010)

time: Tue May 24 16:41:51 2016
elapsed time: 6 seconds (0d 0h 0m 6s)

