#
# There is insufficient memory for the Java Runtime Environment to continue.
# Native memory allocation (malloc) failed to allocate 2268496 bytes for Chunk::new
# Possible reasons:
#   The system is out of physical RAM or swap space
#   In 32 bit mode, the process size limit was hit
# Possible solutions:
#   Reduce memory load on the system
#   Increase physical memory or swap space
#   Check if swap backing store is full
#   Use 64 bit Java on a 64 bit OS
#   Decrease Java heap size (-Xmx/-Xms)
#   Decrease number of Java threads
#   Decrease Java thread stack sizes (-Xss)
#   Set larger code cache with -XX:ReservedCodeCacheSize=
# This output file may be truncated or incomplete.
#
#  Out of Memory Error (allocation.cpp:390), pid=11196, tid=9240
#
# JRE version: Java(TM) SE Runtime Environment (8.0_73-b02) (build 1.8.0_73-b02)
# Java VM: Java HotSpot(TM) 64-Bit Server VM (25.73-b02 mixed mode windows-amd64 compressed oops)
# Failed to write core dump. Minidumps are not enabled by default on client versions of Windows
#

---------------  T H R E A D  ---------------

Current thread (0x0000000014d6d800):  JavaThread "C2 CompilerThread1" daemon [_thread_in_native, id=9240, stack(0x0000000016480000,0x0000000016580000)]

Stack: [0x0000000016480000,0x0000000016580000]
[error occurred during error reporting (printing stack bounds), id 0xc0000005]

Native frames: (J=compiled Java code, j=interpreted, Vv=VM code, C=native code)


Current CompileTask:
C2:   7836 3096       4       java.net.URLClassLoader$1::run (5 bytes)


---------------  P R O C E S S  ---------------

Java Threads: ( => current thread )
  0x0000000016758000 JavaThread "Monitor Ctrl-Break" daemon [_thread_in_native, id=11144, stack(0x0000000016d90000,0x0000000016e90000)]
  0x00000000166e7800 JavaThread "Service Thread" daemon [_thread_blocked, id=11168, stack(0x0000000016a80000,0x0000000016b80000)]
  0x0000000014d7d000 JavaThread "C1 CompilerThread2" daemon [_thread_in_native, id=10916, stack(0x0000000016580000,0x0000000016680000)]
=>0x0000000014d6d800 JavaThread "C2 CompilerThread1" daemon [_thread_in_native, id=9240, stack(0x0000000016480000,0x0000000016580000)]
  0x0000000014d6b000 JavaThread "C2 CompilerThread0" daemon [_thread_in_native, id=10668, stack(0x0000000016380000,0x0000000016480000)]
  0x0000000014d69800 JavaThread "Attach Listener" daemon [_thread_blocked, id=10492, stack(0x0000000016280000,0x0000000016380000)]
  0x0000000014d68800 JavaThread "Signal Dispatcher" daemon [_thread_blocked, id=9488, stack(0x0000000016180000,0x0000000016280000)]
  0x0000000002716800 JavaThread "Finalizer" daemon [_thread_blocked, id=9592, stack(0x0000000015f70000,0x0000000016070000)]
  0x0000000014ce8800 JavaThread "Reference Handler" daemon [_thread_blocked, id=11124, stack(0x0000000015e70000,0x0000000015f70000)]
  0x0000000002620800 JavaThread "main" [_thread_in_native, id=9436, stack(0x00000000024e0000,0x00000000025e0000)]

Other Threads:
  0x0000000014ce6000 VMThread [stack: 0x0000000015d70000,0x0000000015e70000] [id=9668]
  0x000000001673c800 WatcherThread [stack: 0x0000000016b80000,0x0000000016c80000] [id=10660]

VM state:not at safepoint (normal execution)

VM Mutex/Monitor currently owned by a thread: None

Heap:
 PSYoungGen      total 35328K, used 31288K [0x00000000eb380000, 0x00000000ed880000, 0x0000000100000000)
  eden space 32768K, 87% used [0x00000000eb380000,0x00000000ecf92310,0x00000000ed380000)
  from space 2560K, 99% used [0x00000000ed600000,0x00000000ed87c010,0x00000000ed880000)
  to   space 2560K, 0% used [0x00000000ed380000,0x00000000ed380000,0x00000000ed600000)
 ParOldGen       total 44032K, used 13188K [0x00000000c1a00000, 0x00000000c4500000, 0x00000000eb380000)
  object space 44032K, 29% used [0x00000000c1a00000,0x00000000c26e13e8,0x00000000c4500000)
 Metaspace       used 17804K, capacity 18288K, committed 18432K, reserved 1064960K
  class space    used 2136K, capacity 2303K, committed 2304K, reserved 1048576K

Card table byte_map: [0x0000000011ae0000,0x0000000011ce0000] byte_map_base: 0x00000000114d3000

Marking Bits: (ParMarkBitMap*) 0x0000000076e20600
 Begin Bits: [0x0000000012230000, 0x00000000131c8000)
 End Bits:   [0x00000000131c8000, 0x0000000014160000)

Polling page: 0x00000000025f0000

CodeCache: size=245760Kb used=10385Kb max_used=10385Kb free=235374Kb
 bounds [0x0000000002720000, 0x0000000003150000, 0x0000000011720000]
 total_blobs=3474 nmethods=3125 adapters=261
 compilation: enabled

Compilation events (10 events):
Event: 7.822 Thread 0x0000000014d7d000 nmethod 3124 0x0000000003132410 code [0x00000000031335e0, 0x00000000031419a8]
Event: 7.822 Thread 0x0000000014d7d000 3127       1       java.util.concurrent.atomic.AtomicReference::compareAndSet (13 bytes)
Event: 7.822 Thread 0x0000000014d7d000 nmethod 3127 0x0000000003149610 code [0x0000000003149760, 0x0000000003149890]
Event: 7.822 Thread 0x0000000014d7d000 3125       3       org.apache.maven.plugin.PluginParameterExpressionEvaluator::stripTokens (38 bytes)
Event: 7.823 Thread 0x0000000014d7d000 nmethod 3125 0x00000000031498d0 code [0x0000000003149a80, 0x000000000314a2c8]
Event: 7.823 Thread 0x0000000014d7d000 3126       3       java.io.PrintStream::ensureOpen (18 bytes)
Event: 7.823 Thread 0x0000000014d7d000 nmethod 3126 0x000000000314a5d0 code [0x000000000314a740, 0x000000000314a988]
Event: 7.832 Thread 0x0000000014d7d000 3128       3       org.codehaus.plexus.util.SelectorUtils::tokenizePath (38 bytes)
Event: 7.833 Thread 0x0000000014d7d000 nmethod 3128 0x000000000314aa50 code [0x000000000314ac20, 0x000000000314b268]
Event: 7.833 Thread 0x0000000014d7d000 3129       3       org.codehaus.plexus.util.SelectorUtils::match (534 bytes)

GC Heap History (10 events):
Event: 1.551 GC heap before
{Heap before GC invocations=2 (full 0):
 PSYoungGen      total 18944K, used 18912K [0x00000000eb380000, 0x00000000ec880000, 0x0000000100000000)
  eden space 16384K, 100% used [0x00000000eb380000,0x00000000ec380000,0x00000000ec380000)
  from space 2560K, 98% used [0x00000000ec380000,0x00000000ec5f80a0,0x00000000ec600000)
  to   space 2560K, 0% used [0x00000000ec600000,0x00000000ec600000,0x00000000ec880000)
 ParOldGen       total 44032K, used 1186K [0x00000000c1a00000, 0x00000000c4500000, 0x00000000eb380000)
  object space 44032K, 2% used [0x00000000c1a00000,0x00000000c1b28988,0x00000000c4500000)
 Metaspace       used 8340K, capacity 8500K, committed 8576K, reserved 1056768K
  class space    used 1035K, capacity 1112K, committed 1152K, reserved 1048576K
Event: 1.557 GC heap after
Heap after GC invocations=2 (full 0):
 PSYoungGen      total 18944K, used 2553K [0x00000000eb380000, 0x00000000ec880000, 0x0000000100000000)
  eden space 16384K, 0% used [0x00000000eb380000,0x00000000eb380000,0x00000000ec380000)
  from space 2560K, 99% used [0x00000000ec600000,0x00000000ec87e720,0x00000000ec880000)
  to   space 2560K, 0% used [0x00000000ec380000,0x00000000ec380000,0x00000000ec600000)
 ParOldGen       total 44032K, used 1487K [0x00000000c1a00000, 0x00000000c4500000, 0x00000000eb380000)
  object space 44032K, 3% used [0x00000000c1a00000,0x00000000c1b73fd0,0x00000000c4500000)
 Metaspace       used 8340K, capacity 8500K, committed 8576K, reserved 1056768K
  class space    used 1035K, capacity 1112K, committed 1152K, reserved 1048576K
}
Event: 1.962 GC heap before
{Heap before GC invocations=3 (full 0):
 PSYoungGen      total 18944K, used 18937K [0x00000000eb380000, 0x00000000ec880000, 0x0000000100000000)
  eden space 16384K, 100% used [0x00000000eb380000,0x00000000ec380000,0x00000000ec380000)
  from space 2560K, 99% used [0x00000000ec600000,0x00000000ec87e720,0x00000000ec880000)
  to   space 2560K, 0% used [0x00000000ec380000,0x00000000ec380000,0x00000000ec600000)
 ParOldGen       total 44032K, used 1487K [0x00000000c1a00000, 0x00000000c4500000, 0x00000000eb380000)
  object space 44032K, 3% used [0x00000000c1a00000,0x00000000c1b73fd0,0x00000000c4500000)
 Metaspace       used 10517K, capacity 10640K, committed 10880K, reserved 1058816K
  class space    used 1306K, capacity 1377K, committed 1408K, reserved 1048576K
Event: 1.969 GC heap after
Heap after GC invocations=3 (full 0):
 PSYoungGen      total 18944K, used 2528K [0x00000000eb380000, 0x00000000ed880000, 0x0000000100000000)
  eden space 16384K, 0% used [0x00000000eb380000,0x00000000eb380000,0x00000000ec380000)
  from space 2560K, 98% used [0x00000000ec380000,0x00000000ec5f8020,0x00000000ec600000)
  to   space 2560K, 0% used [0x00000000ed600000,0x00000000ed600000,0x00000000ed880000)
 ParOldGen       total 44032K, used 3744K [0x00000000c1a00000, 0x00000000c4500000, 0x00000000eb380000)
  object space 44032K, 8% used [0x00000000c1a00000,0x00000000c1da8288,0x00000000c4500000)
 Metaspace       used 10517K, capacity 10640K, committed 10880K, reserved 1058816K
  class space    used 1306K, capacity 1377K, committed 1408K, reserved 1048576K
}
Event: 2.517 GC heap before
{Heap before GC invocations=4 (full 0):
 PSYoungGen      total 18944K, used 18912K [0x00000000eb380000, 0x00000000ed880000, 0x0000000100000000)
  eden space 16384K, 100% used [0x00000000eb380000,0x00000000ec380000,0x00000000ec380000)
  from space 2560K, 98% used [0x00000000ec380000,0x00000000ec5f8020,0x00000000ec600000)
  to   space 2560K, 0% used [0x00000000ed600000,0x00000000ed600000,0x00000000ed880000)
 ParOldGen       total 44032K, used 3744K [0x00000000c1a00000, 0x00000000c4500000, 0x00000000eb380000)
  object space 44032K, 8% used [0x00000000c1a00000,0x00000000c1da8288,0x00000000c4500000)
 Metaspace       used 12673K, capacity 12812K, committed 13056K, reserved 1060864K
  class space    used 1610K, capacity 1670K, committed 1792K, reserved 1048576K
Event: 2.530 GC heap after
Heap after GC invocations=4 (full 0):
 PSYoungGen      total 35328K, used 2528K [0x00000000eb380000, 0x00000000ed880000, 0x0000000100000000)
  eden space 32768K, 0% used [0x00000000eb380000,0x00000000eb380000,0x00000000ed380000)
  from space 2560K, 98% used [0x00000000ed600000,0x00000000ed878020,0x00000000ed880000)
  to   space 2560K, 0% used [0x00000000ed380000,0x00000000ed380000,0x00000000ed600000)
 ParOldGen       total 44032K, used 6556K [0x00000000c1a00000, 0x00000000c4500000, 0x00000000eb380000)
  object space 44032K, 14% used [0x00000000c1a00000,0x00000000c2067340,0x00000000c4500000)
 Metaspace       used 12673K, capacity 12812K, committed 13056K, reserved 1060864K
  class space    used 1610K, capacity 1670K, committed 1792K, reserved 1048576K
}
Event: 4.482 GC heap before
{Heap before GC invocations=5 (full 0):
 PSYoungGen      total 35328K, used 35296K [0x00000000eb380000, 0x00000000ed880000, 0x0000000100000000)
  eden space 32768K, 100% used [0x00000000eb380000,0x00000000ed380000,0x00000000ed380000)
  from space 2560K, 98% used [0x00000000ed600000,0x00000000ed878020,0x00000000ed880000)
  to   space 2560K, 0% used [0x00000000ed380000,0x00000000ed380000,0x00000000ed600000)
 ParOldGen       total 44032K, used 6556K [0x00000000c1a00000, 0x00000000c4500000, 0x00000000eb380000)
  object space 44032K, 14% used [0x00000000c1a00000,0x00000000c2067340,0x00000000c4500000)
 Metaspace       used 15298K, capacity 15546K, committed 15872K, reserved 1062912K
  class space    used 1862K, capacity 1971K, committed 2048K, reserved 1048576K
Event: 4.496 GC heap after
Heap after GC invocations=5 (full 0):
 PSYoungGen      total 35328K, used 2544K [0x00000000eb380000, 0x00000000ed880000, 0x0000000100000000)
  eden space 32768K, 0% used [0x00000000eb380000,0x00000000eb380000,0x00000000ed380000)
  from space 2560K, 99% used [0x00000000ed380000,0x00000000ed5fc010,0x00000000ed600000)
  to   space 2560K, 0% used [0x00000000ed600000,0x00000000ed600000,0x00000000ed880000)
 ParOldGen       total 44032K, used 10062K [0x00000000c1a00000, 0x00000000c4500000, 0x00000000eb380000)
  object space 44032K, 22% used [0x00000000c1a00000,0x00000000c23d39b0,0x00000000c4500000)
 Metaspace       used 15298K, capacity 15546K, committed 15872K, reserved 1062912K
  class space    used 1862K, capacity 1971K, committed 2048K, reserved 1048576K
}
Event: 6.040 GC heap before
{Heap before GC invocations=6 (full 0):
 PSYoungGen      total 35328K, used 35312K [0x00000000eb380000, 0x00000000ed880000, 0x0000000100000000)
  eden space 32768K, 100% used [0x00000000eb380000,0x00000000ed380000,0x00000000ed380000)
  from space 2560K, 99% used [0x00000000ed380000,0x00000000ed5fc010,0x00000000ed600000)
  to   space 2560K, 0% used [0x00000000ed600000,0x00000000ed600000,0x00000000ed880000)
 ParOldGen       total 44032K, used 10062K [0x00000000c1a00000, 0x00000000c4500000, 0x00000000eb380000)
  object space 44032K, 22% used [0x00000000c1a00000,0x00000000c23d39b0,0x00000000c4500000)
 Metaspace       used 16471K, capacity 16898K, committed 17024K, reserved 1064960K
  class space    used 1978K, capacity 2123K, committed 2176K, reserved 1048576K
Event: 6.059 GC heap after
Heap after GC invocations=6 (full 0):
 PSYoungGen      total 35328K, used 2544K [0x00000000eb380000, 0x00000000ed880000, 0x0000000100000000)
  eden space 32768K, 0% used [0x00000000eb380000,0x00000000eb380000,0x00000000ed380000)
  from space 2560K, 99% used [0x00000000ed600000,0x00000000ed87c010,0x00000000ed880000)
  to   space 2560K, 0% used [0x00000000ed380000,0x00000000ed380000,0x00000000ed600000)
 ParOldGen       total 44032K, used 13188K [0x00000000c1a00000, 0x00000000c4500000, 0x00000000eb380000)
  object space 44032K, 29% used [0x00000000c1a00000,0x00000000c26e13e8,0x00000000c4500000)
 Metaspace       used 16471K, capacity 16898K, committed 17024K, reserved 1064960K
  class space    used 1978K, capacity 2123K, committed 2176K, reserved 1048576K
}

Deoptimization events (10 events):
Event: 7.446 Thread 0x0000000002620800 Uncommon trap: reason=class_check action=maybe_recompile pc=0x0000000002dce3a0 method=java.util.Hashtable.put(Ljava/lang/Object;Ljava/lang/Object;)Ljava/lang/Object; @ 18
Event: 7.452 Thread 0x0000000002620800 Uncommon trap: reason=class_check action=maybe_recompile pc=0x0000000002dce3a0 method=java.util.Hashtable.put(Ljava/lang/Object;Ljava/lang/Object;)Ljava/lang/Object; @ 18
Event: 7.453 Thread 0x0000000002620800 Uncommon trap: reason=class_check action=maybe_recompile pc=0x0000000002dce3a0 method=java.util.Hashtable.put(Ljava/lang/Object;Ljava/lang/Object;)Ljava/lang/Object; @ 18
Event: 7.454 Thread 0x0000000002620800 Uncommon trap: reason=class_check action=maybe_recompile pc=0x0000000002dce3a0 method=java.util.Hashtable.put(Ljava/lang/Object;Ljava/lang/Object;)Ljava/lang/Object; @ 18
Event: 7.465 Thread 0x0000000002620800 Uncommon trap: reason=class_check action=maybe_recompile pc=0x0000000002db8a98 method=java.util.Hashtable.addEntry(ILjava/lang/Object;Ljava/lang/Object;I)V @ 38
Event: 7.524 Thread 0x0000000002620800 Uncommon trap: reason=class_check action=maybe_recompile pc=0x0000000002db8a98 method=java.util.Hashtable.addEntry(ILjava/lang/Object;Ljava/lang/Object;I)V @ 38
Event: 7.606 Thread 0x0000000002620800 Uncommon trap: reason=class_check action=maybe_recompile pc=0x0000000002dee1c8 method=java.util.Hashtable.get(Ljava/lang/Object;)Ljava/lang/Object; @ 6
Event: 7.606 Thread 0x0000000002620800 Uncommon trap: reason=class_check action=maybe_recompile pc=0x0000000002dee1c8 method=java.util.Hashtable.get(Ljava/lang/Object;)Ljava/lang/Object; @ 6
Event: 7.607 Thread 0x0000000002620800 Uncommon trap: reason=class_check action=maybe_recompile pc=0x0000000002dee1c8 method=java.util.Hashtable.get(Ljava/lang/Object;)Ljava/lang/Object; @ 6
Event: 7.607 Thread 0x0000000002620800 Uncommon trap: reason=class_check action=maybe_recompile pc=0x0000000002dee1c8 method=java.util.Hashtable.get(Ljava/lang/Object;)Ljava/lang/Object; @ 6

Internal exceptions (10 events):
Event: 1.440 Thread 0x0000000002620800 Exception <a 'java/lang/ArrayIndexOutOfBoundsException': 131> (0x00000000ec0b1d08) thrown at [D:\re\puppet\workspace\8-2-build-windows-amd64-cygwin\jdk8u73\6086\hotspot\src\share\vm\interpreter\interpreterRuntime.cpp, line 366]
Event: 2.450 Thread 0x0000000002620800 Exception <a 'java/lang/NoClassDefFoundError': com/google/inject/servlet/ServletModuleTargetVisitor> (0x00000000ec26fb18) thrown at [D:\re\puppet\workspace\8-2-build-windows-amd64-cygwin\jdk8u73\6086\hotspot\src\share\vm\classfile\systemDictionary.cpp, linøôw¶š@
Event: 2.450 Thread 0x0000000002620800 Exception <a 'java/lang/NoClassDefFoundError'> (0x00000000ec26fb18) thrown at [D:\re\puppet\workspace\8-2-build-windows-amd64-cygwin\jdk8u73\6086\hotspot\src\share\vm\prims\jvm.cpp, line 1390]
Event: 2.451 Thread 0x0000000002620800 Exception <a 'java/lang/NoClassDefFoundError': javax/annotation/Priority> (0x00000000ec274a70) thrown at [D:\re\puppet\workspace\8-2-build-windows-amd64-cygwin\jdk8u73\6086\hotspot\src\share\vm\classfile\systemDictionary.cpp, line 199]
Event: 3.468 Thread 0x0000000002620800 Implicit null exception at 0x0000000002cff658 to 0x0000000002cffc9a
Event: 3.468 Thread 0x0000000002620800 Implicit null exception at 0x0000000002cf7d24 to 0x0000000002cf7e26
Event: 3.520 Thread 0x0000000002620800 Implicit null exception at 0x00000000029a15d5 to 0x00000000029a17d1
Event: 3.520 Thread 0x0000000002620800 Implicit null exception at 0x0000000002a8062f to 0x0000000002a80699
Event: 3.761 Thread 0x0000000002620800 Implicit null exception at 0x0000000002d5d537 to 0x0000000002d5d781
Event: 5.991 Thread 0x0000000002620800 Implicit null exception at 0x0000000002fe76b0 to 0x0000000002fe8825

Events (10 events):
Event: 7.821 loading class org/codehaus/plexus/util/AbstractScanner
Event: 7.821 loading class org/codehaus/plexus/util/AbstractScanner done
Event: 7.821 loading class org/codehaus/plexus/util/Scanner
Event: 7.821 loading class org/codehaus/plexus/util/Scanner done
Event: 7.821 loading class org/codehaus/plexus/util/Scanner
Event: 7.821 loading class org/codehaus/plexus/util/Scanner done
Event: 7.828 loading class org/codehaus/plexus/util/SelectorUtils
Event: 7.828 loading class org/codehaus/plexus/util/SelectorUtils done
Event: 7.828 loading class org/codehaus/plexus/util/SelectorUtils
Event: 7.828 loading class org/codehaus/plexus/util/SelectorUtils done


Dynamic libraries:
0x00007ff6654c0000 - 0x00007ff6654f7000 	C:\PATH\JAVA\bin\java.exe
0x00007ff854fb0000 - 0x00007ff855172000 	C:\Windows\SYSTEM32\ntdll.dll
0x00007ff852af0000 - 0x00007ff852b9d000 	C:\Windows\system32\KERNEL32.DLL
0x00007ff852170000 - 0x00007ff85234d000 	C:\Windows\system32\KERNELBASE.dll
0x00007ff852640000 - 0x00007ff8526e6000 	C:\Windows\system32\ADVAPI32.dll
0x00007ff8548d0000 - 0x00007ff85496d000 	C:\Windows\system32\msvcrt.dll
0x00007ff852ba0000 - 0x00007ff852bfb000 	C:\Windows\system32\sechost.dll
0x00007ff854b20000 - 0x00007ff854c46000 	C:\Windows\system32\RPCRT4.dll
0x00007ff854470000 - 0x00007ff8545be000 	C:\Windows\system32\USER32.dll
0x00007ff8545c0000 - 0x00007ff854746000 	C:\Windows\system32\GDI32.dll
0x00007ff849290000 - 0x00007ff849504000 	C:\Windows\WinSxS\amd64_microsoft.windows.common-controls_6595b64144ccf1df_6.0.10240.16384_none_f41f7b285750ef43\COMCTL32.dll
0x00007ff8526f0000 - 0x00007ff852726000 	C:\Windows\system32\IMM32.DLL
0x00007ff854300000 - 0x00007ff85445c000 	C:\Windows\system32\MSCTF.dll
0x00000000760b0000 - 0x0000000076182000 	C:\PATH\JAVA\jre\bin\msvcr100.dll
0x0000000076610000 - 0x0000000076ea0000 	C:\PATH\JAVA\jre\bin\server\jvm.dll
0x00007ff8548a0000 - 0x00007ff8548a8000 	C:\Windows\system32\PSAPI.DLL
0x00007ff83b4d0000 - 0x00007ff83b4d9000 	C:\Windows\SYSTEM32\WSOCK32.dll
0x00007ff8502e0000 - 0x00007ff850303000 	C:\Windows\SYSTEM32\WINMM.dll
0x00007ff84ffa0000 - 0x00007ff84ffaa000 	C:\Windows\SYSTEM32\VERSION.dll
0x00007ff854c50000 - 0x00007ff854cb9000 	C:\Windows\system32\WS2_32.dll
0x00007ff854460000 - 0x00007ff854468000 	C:\Windows\system32\NSI.dll
0x00007ff850280000 - 0x00007ff8502ac000 	C:\Windows\SYSTEM32\WINMMBASE.dll
0x00007ff851af0000 - 0x00007ff851b34000 	C:\Windows\system32\cfgmgr32.dll
0x00007ff8516c0000 - 0x00007ff8516e7000 	C:\Windows\SYSTEM32\DEVOBJ.dll
0x0000000076520000 - 0x000000007652f000 	C:\PATH\JAVA\jre\bin\verify.dll
0x00000000764f0000 - 0x0000000076519000 	C:\PATH\JAVA\jre\bin\java.dll
0x00000000764d0000 - 0x00000000764e6000 	C:\PATH\JAVA\jre\bin\zip.dll
0x00007ff852cb0000 - 0x00007ff854218000 	C:\Windows\system32\SHELL32.dll
0x00007ff851b40000 - 0x00007ff852168000 	C:\Windows\system32\windows.storage.dll
0x00007ff852730000 - 0x00007ff8529ac000 	C:\Windows\system32\combase.dll
0x00007ff8529b0000 - 0x00007ff852a01000 	C:\Windows\system32\shlwapi.dll
0x00007ff851a10000 - 0x00007ff851a1f000 	C:\Windows\system32\kernel.appcore.dll
0x00007ff852350000 - 0x00007ff852403000 	C:\Windows\system32\shcore.dll
0x00007ff8519a0000 - 0x00007ff8519ea000 	C:\Windows\system32\powrprof.dll
0x00007ff8519f0000 - 0x00007ff851a03000 	C:\Windows\system32\profapi.dll
0x00007ff854cc0000 - 0x00007ff854d7e000 	C:\Windows\system32\OLEAUT32.dll
0x00007ff849b50000 - 0x00007ff849b60000 	C:\Program Files (x86)\JetBrains\IntelliJ IDEA Community Edition 2016.1\bin\breakgen64.dll
0x00000000764b0000 - 0x00000000764ca000 	C:\PATH\JAVA\jre\bin\net.dll
0x00007ff850f00000 - 0x00007ff850f5d000 	C:\Windows\system32\mswsock.dll
0x0000000076490000 - 0x00000000764a1000 	C:\PATH\JAVA\jre\bin\nio.dll

VM Arguments:
jvm_args: -Dmaven.multiModuleProjectDirectory=C:\cygwin64\home\l3lock\game01 -Dmaven.home=C:\PATH\apache-maven-3.3.9 -Dclassworlds.conf=C:\PATH\apache-maven-3.3.9\bin\m2.conf -Didea.launcher.port=7560 -Didea.launcher.bin.path=C:\Program Files (x86)\JetBrains\IntelliJ IDEA Community Edition 2016.1\bin -Dfile.encoding=UTF-8 
java_command: com.intellij.rt.execution.application.AppMain org.codehaus.classworlds.Launcher -Didea.version=2016.1.2 test -P java
java_class_path (initial): C:\PATH\apache-maven-3.3.9\boot\plexus-classworlds-2.5.2.jar;C:\Program Files (x86)\JetBrains\IntelliJ IDEA Community Edition 2016.1\lib\idea_rt.jar
Launcher Type: SUN_STANDARD

Environment Variables:
PATH=C:\Program Files (x86)\Intel\iCLS Client\;C:\Program Files\Intel\iCLS Client\;C:\Windows\system32;C:\Windows;C:\Windows\System32\Wbem;C:\Windows\System32\WindowsPowerShell\v1.0\;C:\Program Files (x86)\Intel\Intel(R) Management Engine Components\DAL;C:\Program Files\Intel\Intel(R) Management Engine Components\DAL;C:\Program Files (x86)\Intel\Intel(R) Management Engine Components\IPT;C:\Program Files\Intel\Intel(R) Management Engine Components\IPT;C:\PATH\JAVA\bin;C:\PATH\apache-maven-3.3.9\bin;C:\Windows\system32\config\systemprofile\.dnx\bin;C:\Program Files\Microsoft DNX\Dnvm\
USERNAME=l3lock
OS=Windows_NT
PROCESSOR_IDENTIFIER=Intel64 Family 6 Model 69 Stepping 1, GenuineIntel



---------------  S Y S T E M  ---------------

OS: Windows 10.0 , 64 bit Build 10240 (10.0.10240.16384)

CPU:total 4 (2 cores per cpu, 2 threads per core) family 6 model 69 stepping 1, cmov, cx8, fxsr, mmx, sse, sse2, sse3, ssse3, sse4.1, sse4.2, popcnt, avx, avx2, aes, clmul, erms, lzcnt, ht, tsc, tscinvbit, bmi1, bmi2

Memory: 4k page, physical 4079980k(501180k free), swap 16662892k(5148k free)

vm_info: Java HotSpot(TM) 64-Bit Server VM (25.73-b02) for windows-amd64 JRE (1.8.0_73-b02), built on Jan 29 2016 17:38:49 by "java_re" with MS VC++ 10.0 (VS2010)

time: Tue May 24 22:41:16 2016
elapsed time: 7 seconds (0d 0h 0m 7s)

