#
# There is insufficient memory for the Java Runtime Environment to continue.
# Native memory allocation (malloc) failed to allocate 2066576 bytes for Chunk::new
# Possible reasons:
#   The system is out of physical RAM or swap space
#   In 32 bit mode, the process size limit was hit
# Possible solutions:
#   Reduce memory load on the system
#   Increase physical memory or swap space
#   Check if swap backing store is full
#   Use 64 bit Java on a 64 bit OS
#   Decrease Java heap size (-Xmx/-Xms)
#   Decrease number of Java threads
#   Decrease Java thread stack sizes (-Xss)
#   Set larger code cache with -XX:ReservedCodeCacheSize=
# This output file may be truncated or incomplete.
#
#  Out of Memory Error (allocation.cpp:390), pid=10796, tid=10864
#
# JRE version: Java(TM) SE Runtime Environment (8.0_73-b02) (build 1.8.0_73-b02)
# Java VM: Java HotSpot(TM) 64-Bit Server VM (25.73-b02 mixed mode windows-amd64 compressed oops)
# Failed to write core dump. Minidumps are not enabled by default on client versions of Windows
#

---------------  T H R E A D  ---------------

Current thread (0x0000000015578800):  JavaThread "C2 CompilerThread0" daemon [_thread_in_native, id=10864, stack(0x0000000016bc0000,0x0000000016cc0000)]

Stack: [0x0000000016bc0000,0x0000000016cc0000]
[error occurred during error reporting (printing stack bounds), id 0xc0000005]

Native frames: (J=compiled Java code, j=interpreted, Vv=VM code, C=native code)


Current CompileTask:
C2:   4249 1845       4       java.net.URLClassLoader$1::run (5 bytes)


---------------  P R O C E S S  ---------------

Java Threads: ( => current thread )
  0x0000000016fc3800 JavaThread "Monitor Ctrl-Break" daemon [_thread_in_native, id=10164, stack(0x00000000174c0000,0x00000000175c0000)]
  0x0000000016f30800 JavaThread "Service Thread" daemon [_thread_blocked, id=10260, stack(0x00000000172c0000,0x00000000173c0000)]
  0x0000000015582000 JavaThread "C1 CompilerThread2" daemon [_thread_blocked, id=6920, stack(0x0000000016dc0000,0x0000000016ec0000)]
  0x000000001557b800 JavaThread "C2 CompilerThread1" daemon [_thread_in_native, id=11136, stack(0x0000000016cc0000,0x0000000016dc0000)]
=>0x0000000015578800 JavaThread "C2 CompilerThread0" daemon [_thread_in_native, id=10864, stack(0x0000000016bc0000,0x0000000016cc0000)]
  0x0000000015577800 JavaThread "Attach Listener" daemon [_thread_blocked, id=10820, stack(0x0000000016ac0000,0x0000000016bc0000)]
  0x00000000155c5800 JavaThread "Signal Dispatcher" daemon [_thread_blocked, id=10984, stack(0x00000000169c0000,0x0000000016ac0000)]
  0x0000000002f87800 JavaThread "Finalizer" daemon [_thread_blocked, id=10272, stack(0x00000000167e0000,0x00000000168e0000)]
  0x0000000002f7e800 JavaThread "Reference Handler" daemon [_thread_blocked, id=10268, stack(0x00000000166e0000,0x00000000167e0000)]
  0x0000000002e90800 JavaThread "main" [_thread_in_native, id=10968, stack(0x0000000002d90000,0x0000000002e90000)]

Other Threads:
  0x0000000015536000 VMThread [stack: 0x00000000165e0000,0x00000000166e0000] [id=9632]
  0x0000000016f9d800 WatcherThread [stack: 0x00000000173c0000,0x00000000174c0000] [id=10160]

VM state:not at safepoint (normal execution)

VM Mutex/Monitor currently owned by a thread: None

Heap:
 PSYoungGen      total 35328K, used 21605K [0x00000000eb380000, 0x00000000ed880000, 0x0000000100000000)
  eden space 32768K, 58% used [0x00000000eb380000,0x00000000ec619688,0x00000000ed380000)
  from space 2560K, 100% used [0x00000000ed600000,0x00000000ed880000,0x00000000ed880000)
  to   space 2560K, 0% used [0x00000000ed380000,0x00000000ed380000,0x00000000ed600000)
 ParOldGen       total 44032K, used 6456K [0x00000000c1a00000, 0x00000000c4500000, 0x00000000eb380000)
  object space 44032K, 14% used [0x00000000c1a00000,0x00000000c204e3d0,0x00000000c4500000)
 Metaspace       used 15114K, capacity 15408K, committed 15616K, reserved 1062912K
  class space    used 1859K, capacity 1970K, committed 2048K, reserved 1048576K

Card table byte_map: [0x0000000012350000,0x0000000012550000] byte_map_base: 0x0000000011d43000

Marking Bits: (ParMarkBitMap*) 0x0000000076e20600
 Begin Bits: [0x0000000012aa0000, 0x0000000013a38000)
 End Bits:   [0x0000000013a38000, 0x00000000149d0000)

Polling page: 0x0000000001360000

CodeCache: size=245760Kb used=6413Kb max_used=6413Kb free=239346Kb
 bounds [0x0000000002f90000, 0x00000000035e0000, 0x0000000011f90000]
 total_blobs=2223 nmethods=1881 adapters=254
 compilation: enabled

Compilation events (10 events):
Event: 4.082 Thread 0x0000000015582000 1877       1       org.apache.maven.model.Repository::getSnapshots (5 bytes)
Event: 4.082 Thread 0x0000000015582000 nmethod 1877 0x00000000035d7e90 code [0x00000000035d7fe0, 0x00000000035d80f0]
Event: 4.082 Thread 0x0000000015582000 1886       1       org.eclipse.aether.artifact.DefaultArtifact::getClassifier (5 bytes)
Event: 4.082 Thread 0x0000000015582000 nmethod 1886 0x00000000035d8150 code [0x00000000035d82a0, 0x00000000035d83b0]
Event: 4.142 Thread 0x0000000015582000 1887       3       org.apache.maven.model.validation.DefaultModelValidator::validateStringNotEmpty (15 bytes)
Event: 4.142 Thread 0x0000000015582000 nmethod 1887 0x00000000035d8410 code [0x00000000035d8580, 0x00000000035d8728]
Event: 4.143 Thread 0x0000000015582000 1888       1       org.apache.maven.model.Parent::getArtifactId (5 bytes)
Event: 4.143 Thread 0x0000000015582000 nmethod 1888 0x00000000035d87d0 code [0x00000000035d8920, 0x00000000035d8a30]
Event: 4.195 Thread 0x0000000015582000 1890       1       org.eclipse.aether.artifact.DefaultArtifact::getFile (5 bytes)
Event: 4.195 Thread 0x0000000015582000 nmethod 1890 0x00000000035d8e10 code [0x00000000035d8f60, 0x00000000035d9070]

GC Heap History (8 events):
Event: 1.109 GC heap before
{Heap before GC invocations=1 (full 0):
 PSYoungGen      total 18944K, used 16384K [0x00000000eb380000, 0x00000000ec880000, 0x0000000100000000)
  eden space 16384K, 100% used [0x00000000eb380000,0x00000000ec380000,0x00000000ec380000)
  from space 2560K, 0% used [0x00000000ec600000,0x00000000ec600000,0x00000000ec880000)
  to   space 2560K, 0% used [0x00000000ec380000,0x00000000ec380000,0x00000000ec600000)
 ParOldGen       total 44032K, used 0K [0x00000000c1a00000, 0x00000000c4500000, 0x00000000eb380000)
  object space 44032K, 0% used [0x00000000c1a00000,0x00000000c1a00000,0x00000000c4500000)
 Metaspace       used 7370K, capacity 7504K, committed 7680K, reserved 1056768K
  class space    used 892K, capacity 952K, committed 1024K, reserved 1048576K
Event: 1.115 GC heap after
Heap after GC invocations=1 (full 0):
 PSYoungGen      total 18944K, used 2551K [0x00000000eb380000, 0x00000000ec880000, 0x0000000100000000)
  eden space 16384K, 0% used [0x00000000eb380000,0x00000000eb380000,0x00000000ec380000)
  from space 2560K, 99% used [0x00000000ec380000,0x00000000ec5fdf88,0x00000000ec600000)
  to   space 2560K, 0% used [0x00000000ec600000,0x00000000ec600000,0x00000000ec880000)
 ParOldGen       total 44032K, used 1119K [0x00000000c1a00000, 0x00000000c4500000, 0x00000000eb380000)
  object space 44032K, 2% used [0x00000000c1a00000,0x00000000c1b17d88,0x00000000c4500000)
 Metaspace       used 7370K, capacity 7504K, committed 7680K, reserved 1056768K
  class space    used 892K, capacity 952K, committed 1024K, reserved 1048576K
}
Event: 1.542 GC heap before
{Heap before GC invocations=2 (full 0):
 PSYoungGen      total 18944K, used 18935K [0x00000000eb380000, 0x00000000ec880000, 0x0000000100000000)
  eden space 16384K, 100% used [0x00000000eb380000,0x00000000ec380000,0x00000000ec380000)
  from space 2560K, 99% used [0x00000000ec380000,0x00000000ec5fdf88,0x00000000ec600000)
  to   space 2560K, 0% used [0x00000000ec600000,0x00000000ec600000,0x00000000ec880000)
 ParOldGen       total 44032K, used 1119K [0x00000000c1a00000, 0x00000000c4500000, 0x00000000eb380000)
  object space 44032K, 2% used [0x00000000c1a00000,0x00000000c1b17d88,0x00000000c4500000)
 Metaspace       used 8291K, capacity 8432K, committed 8576K, reserved 1056768K
  class space    used 1034K, capacity 1112K, committed 1152K, reserved 1048576K
Event: 1.548 GC heap after
Heap after GC invocations=2 (full 0):
 PSYoungGen      total 18944K, used 2545K [0x00000000eb380000, 0x00000000ec880000, 0x0000000100000000)
  eden space 16384K, 0% used [0x00000000eb380000,0x00000000eb380000,0x00000000ec380000)
  from space 2560K, 99% used [0x00000000ec600000,0x00000000ec87c7e8,0x00000000ec880000)
  to   space 2560K, 0% used [0x00000000ec380000,0x00000000ec380000,0x00000000ec600000)
 ParOldGen       total 44032K, used 1396K [0x00000000c1a00000, 0x00000000c4500000, 0x00000000eb380000)
  object space 44032K, 3% used [0x00000000c1a00000,0x00000000c1b5d308,0x00000000c4500000)
 Metaspace       used 8291K, capacity 8432K, committed 8576K, reserved 1056768K
  class space    used 1034K, capacity 1112K, committed 1152K, reserved 1048576K
}
Event: 1.985 GC heap before
{Heap before GC invocations=3 (full 0):
 PSYoungGen      total 18944K, used 18929K [0x00000000eb380000, 0x00000000ec880000, 0x0000000100000000)
  eden space 16384K, 100% used [0x00000000eb380000,0x00000000ec380000,0x00000000ec380000)
  from space 2560K, 99% used [0x00000000ec600000,0x00000000ec87c7e8,0x00000000ec880000)
  to   space 2560K, 0% used [0x00000000ec380000,0x00000000ec380000,0x00000000ec600000)
 ParOldGen       total 44032K, used 1396K [0x00000000c1a00000, 0x00000000c4500000, 0x00000000eb380000)
  object space 44032K, 3% used [0x00000000c1a00000,0x00000000c1b5d308,0x00000000c4500000)
 Metaspace       used 10461K, capacity 10610K, committed 10752K, reserved 1058816K
  class space    used 1315K, capacity 1411K, committed 1536K, reserved 1048576K
Event: 1.993 GC heap after
Heap after GC invocations=3 (full 0):
 PSYoungGen      total 18944K, used 2558K [0x00000000eb380000, 0x00000000ed880000, 0x0000000100000000)
  eden space 16384K, 0% used [0x00000000eb380000,0x00000000eb380000,0x00000000ec380000)
  from space 2560K, 99% used [0x00000000ec380000,0x00000000ec5ffa78,0x00000000ec600000)
  to   space 2560K, 0% used [0x00000000ed600000,0x00000000ed600000,0x00000000ed880000)
 ParOldGen       total 44032K, used 3614K [0x00000000c1a00000, 0x00000000c4500000, 0x00000000eb380000)
  object space 44032K, 8% used [0x00000000c1a00000,0x00000000c1d87908,0x00000000c4500000)
 Metaspace       used 10461K, capacity 10610K, committed 10752K, reserved 1058816K
  class space    used 1315K, capacity 1411K, committed 1536K, reserved 1048576K
}
Event: 2.543 GC heap before
{Heap before GC invocations=4 (full 0):
 PSYoungGen      total 18944K, used 18942K [0x00000000eb380000, 0x00000000ed880000, 0x0000000100000000)
  eden space 16384K, 100% used [0x00000000eb380000,0x00000000ec380000,0x00000000ec380000)
  from space 2560K, 99% used [0x00000000ec380000,0x00000000ec5ffa78,0x00000000ec600000)
  to   space 2560K, 0% used [0x00000000ed600000,0x00000000ed600000,0x00000000ed880000)
 ParOldGen       total 44032K, used 3614K [0x00000000c1a00000, 0x00000000c4500000, 0x00000000eb380000)
  object space 44032K, 8% used [0x00000000c1a00000,0x00000000c1d87908,0x00000000c4500000)
 Metaspace       used 12628K, capacity 12808K, committed 13056K, reserved 1060864K
  class space    used 1609K, capacity 1670K, committed 1792K, reserved 1048576K
Event: 2.555 GC heap after
Heap after GC invocations=4 (full 0):
 PSYoungGen      total 35328K, used 2560K [0x00000000eb380000, 0x00000000ed880000, 0x0000000100000000)
  eden space 32768K, 0% used [0x00000000eb380000,0x00000000eb380000,0x00000000ed380000)
  from space 2560K, 100% used [0x00000000ed600000,0x00000000ed880000,0x00000000ed880000)
  to   space 2560K, 0% used [0x00000000ed380000,0x00000000ed380000,0x00000000ed600000)
 ParOldGen       total 44032K, used 6456K [0x00000000c1a00000, 0x00000000c4500000, 0x00000000eb380000)
  object space 44032K, 14% used [0x00000000c1a00000,0x00000000c204e3d0,0x00000000c4500000)
 Metaspace       used 12628K, capacity 12808K, committed 13056K, reserved 1060864K
  class space    used 1609K, capacity 1670K, committed 1792K, reserved 1048576K
}

Deoptimization events (10 events):
Event: 3.017 Thread 0x0000000002e90800 Uncommon trap: reason=bimorphic action=maybe_recompile pc=0x00000000032c6040 method=java.util.HashMap.putVal(ILjava/lang/Object;Ljava/lang/Object;ZZ)Ljava/lang/Object; @ 203
Event: 3.267 Thread 0x0000000002e90800 Uncommon trap: reason=unstable_if action=reinterpret pc=0x00000000034db0f0 method=java.lang.reflect.AccessibleObject.setAccessible0(Ljava/lang/reflect/AccessibleObject;Z)V @ 4
Event: 3.732 Thread 0x0000000002e90800 Uncommon trap: reason=unstable_if action=reinterpret pc=0x00000000034c574c method=org.codehaus.plexus.util.xml.pull.MXParser.nextImpl()I @ 972
Event: 3.736 Thread 0x0000000002e90800 Uncommon trap: reason=null_check action=make_not_entrant pc=0x00000000035368dc method=org.apache.maven.model.interpolation.StringSearchModelInterpolator$InterpolateObjectAction.getCacheEntry(Ljava/lang/Class;)Lorg/apache/maven/model/interpolation/StringSea
Event: 3.736 Thread 0x0000000002e90800 Uncommon trap: reason=null_check action=make_not_entrant pc=0x000000000351c004 method=org.apache.maven.model.interpolation.StringSearchModelInterpolator$InterpolateObjectAction.getCacheEntry(Ljava/lang/Class;)Lorg/apache/maven/model/interpolation/StringSea?û±LFŒ@
Event: 3.818 Thread 0x0000000002e90800 Uncommon trap: reason=unstable_if action=reinterpret pc=0x00000000033405fc method=java.util.HashMap.hash(Ljava/lang/Object;)I @ 1
Event: 3.819 Thread 0x0000000002e90800 Uncommon trap: reason=unstable_if action=reinterpret pc=0x00000000033255a8 method=java.util.HashMap.hash(Ljava/lang/Object;)I @ 1
Event: 3.978 Thread 0x0000000002e90800 Uncommon trap: reason=predicate action=maybe_recompile pc=0x0000000003523218 method=java.nio.charset.CharsetDecoder.decode(Ljava/nio/ByteBuffer;Ljava/nio/CharBuffer;Z)Ljava/nio/charset/CoderResult; @ 54
Event: 3.978 Thread 0x0000000002e90800 Uncommon trap: reason=predicate action=maybe_recompile pc=0x000000000322a390 method=java.nio.charset.CharsetDecoder.decode(Ljava/nio/ByteBuffer;Ljava/nio/CharBuffer;Z)Ljava/nio/charset/CoderResult; @ 54
Event: 4.036 Thread 0x0000000002e90800 Uncommon trap: reason=unstable_if action=reinterpret pc=0x000000000330f2c4 method=java.util.HashMap.getNode(ILjava/lang/Object;)Ljava/util/HashMap$Node; @ 53

Internal exceptions (10 events):
Event: 1.157 Thread 0x0000000002e90800 Exception <a 'java/lang/ArrayIndexOutOfBoundsException'> (0x00000000eb4be6a8) thrown at [D:\re\puppet\workspace\8-2-build-windows-amd64-cygwin\jdk8u73\6086\hotspot\src\share\vm\runtime\sharedRuntime.cpp, line 605]
Event: 1.158 Thread 0x0000000002e90800 Exception <a 'java/lang/ArrayIndexOutOfBoundsException': 86> (0x00000000eb4bfdf8) thrown at [D:\re\puppet\workspace\8-2-build-windows-amd64-cygwin\jdk8u73\6086\hotspot\src\share\vm\interpreter\interpreterRuntime.cpp, line 366]
Event: 1.158 Thread 0x0000000002e90800 Exception <a 'java/lang/ArrayIndexOutOfBoundsException': 100> (0x00000000eb4c1538) thrown at [D:\re\puppet\workspace\8-2-build-windows-amd64-cygwin\jdk8u73\6086\hotspot\src\share\vm\interpreter\interpreterRuntime.cpp, line 366]
Event: 2.474 Thread 0x0000000002e90800 Exception <a 'java/lang/NoClassDefFoundError': com/google/inject/servlet/ServletModuleTargetVisitor> (0x00000000ec26e828) thrown at [D:\re\puppet\workspace\8-2-build-windows-amd64-cygwin\jdk8u73\6086\hotspot\src\share\vm\classfile\systemDictionary.cpp, lin*†3MÏË@
Event: 2.475 Thread 0x0000000002e90800 Exception <a 'java/lang/NoClassDefFoundError'> (0x00000000ec26e828) thrown at [D:\re\puppet\workspace\8-2-build-windows-amd64-cygwin\jdk8u73\6086\hotspot\src\share\vm\prims\jvm.cpp, line 1390]
Event: 2.475 Thread 0x0000000002e90800 Exception <a 'java/lang/NoClassDefFoundError': javax/annotation/Priority> (0x00000000ec273780) thrown at [D:\re\puppet\workspace\8-2-build-windows-amd64-cygwin\jdk8u73\6086\hotspot\src\share\vm\classfile\systemDictionary.cpp, line 199]
Event: 3.736 Thread 0x0000000002e90800 Implicit null exception at 0x000000000353629c to 0x00000000035368b6
Event: 3.736 Thread 0x0000000002e90800 Implicit null exception at 0x000000000351bf24 to 0x000000000351bff6
Event: 3.818 Thread 0x0000000002e90800 Implicit null exception at 0x0000000003340415 to 0x00000000033405ed
Event: 3.819 Thread 0x0000000002e90800 Implicit null exception at 0x000000000332552f to 0x0000000003325599

Events (10 events):
Event: 4.044 loading class org/apache/maven/artifact/resolver/filter/AbstractScopeArtifactFilter
Event: 4.044 loading class org/apache/maven/artifact/resolver/filter/AbstractScopeArtifactFilter done
Event: 4.045 loading class org/apache/maven/plugin/DefaultPluginRealmCache$CacheKey
Event: 4.045 loading class org/apache/maven/plugin/DefaultPluginRealmCache$CacheKey done
Event: 4.064 loading class org/apache/maven/plugin/internal/PlexusUtilsInjector
Event: 4.064 loading class org/apache/maven/plugin/internal/PlexusUtilsInjector done
Event: 4.065 loading class org/apache/maven/plugin/internal/WagonExcluder
Event: 4.065 loading class org/apache/maven/plugin/internal/WagonExcluder done
Event: 4.193 Executing VM operation: EnableBiasedLocking
Event: 4.193 Executing VM operation: EnableBiasedLocking done


Dynamic libraries:
0x00007ff6654c0000 - 0x00007ff6654f7000 	C:\PATH\JAVA\bin\java.exe
0x00007ff854fb0000 - 0x00007ff855172000 	C:\Windows\SYSTEM32\ntdll.dll
0x00007ff852af0000 - 0x00007ff852b9d000 	C:\Windows\system32\KERNEL32.DLL
0x00007ff852170000 - 0x00007ff85234d000 	C:\Windows\system32\KERNELBASE.dll
0x00007ff852640000 - 0x00007ff8526e6000 	C:\Windows\system32\ADVAPI32.dll
0x00007ff8548d0000 - 0x00007ff85496d000 	C:\Windows\system32\msvcrt.dll
0x00007ff852ba0000 - 0x00007ff852bfb000 	C:\Windows\system32\sechost.dll
0x00007ff854b20000 - 0x00007ff854c46000 	C:\Windows\system32\RPCRT4.dll
0x00007ff854470000 - 0x00007ff8545be000 	C:\Windows\system32\USER32.dll
0x00007ff8545c0000 - 0x00007ff854746000 	C:\Windows\system32\GDI32.dll
0x00007ff849290000 - 0x00007ff849504000 	C:\Windows\WinSxS\amd64_microsoft.windows.common-controls_6595b64144ccf1df_6.0.10240.16384_none_f41f7b285750ef43\COMCTL32.dll
0x00007ff8526f0000 - 0x00007ff852726000 	C:\Windows\system32\IMM32.DLL
0x00007ff854300000 - 0x00007ff85445c000 	C:\Windows\system32\MSCTF.dll
0x00000000760b0000 - 0x0000000076182000 	C:\PATH\JAVA\jre\bin\msvcr100.dll
0x0000000076610000 - 0x0000000076ea0000 	C:\PATH\JAVA\jre\bin\server\jvm.dll
0x00007ff8548a0000 - 0x00007ff8548a8000 	C:\Windows\system32\PSAPI.DLL
0x00007ff8502e0000 - 0x00007ff850303000 	C:\Windows\SYSTEM32\WINMM.dll
0x00007ff84ffa0000 - 0x00007ff84ffaa000 	C:\Windows\SYSTEM32\VERSION.dll
0x00007ff83b4d0000 - 0x00007ff83b4d9000 	C:\Windows\SYSTEM32\WSOCK32.dll
0x00007ff854c50000 - 0x00007ff854cb9000 	C:\Windows\system32\WS2_32.dll
0x00007ff854460000 - 0x00007ff854468000 	C:\Windows\system32\NSI.dll
0x00007ff850280000 - 0x00007ff8502ac000 	C:\Windows\SYSTEM32\WINMMBASE.dll
0x00007ff851af0000 - 0x00007ff851b34000 	C:\Windows\system32\cfgmgr32.dll
0x00007ff8516c0000 - 0x00007ff8516e7000 	C:\Windows\SYSTEM32\DEVOBJ.dll
0x0000000076520000 - 0x000000007652f000 	C:\PATH\JAVA\jre\bin\verify.dll
0x00000000764f0000 - 0x0000000076519000 	C:\PATH\JAVA\jre\bin\java.dll
0x00000000764d0000 - 0x00000000764e6000 	C:\PATH\JAVA\jre\bin\zip.dll
0x00007ff852cb0000 - 0x00007ff854218000 	C:\Windows\system32\SHELL32.dll
0x00007ff851b40000 - 0x00007ff852168000 	C:\Windows\system32\windows.storage.dll
0x00007ff852730000 - 0x00007ff8529ac000 	C:\Windows\system32\combase.dll
0x00007ff8529b0000 - 0x00007ff852a01000 	C:\Windows\system32\shlwapi.dll
0x00007ff851a10000 - 0x00007ff851a1f000 	C:\Windows\system32\kernel.appcore.dll
0x00007ff852350000 - 0x00007ff852403000 	C:\Windows\system32\shcore.dll
0x00007ff8519a0000 - 0x00007ff8519ea000 	C:\Windows\system32\powrprof.dll
0x00007ff8519f0000 - 0x00007ff851a03000 	C:\Windows\system32\profapi.dll
0x00007ff854cc0000 - 0x00007ff854d7e000 	C:\Windows\system32\OLEAUT32.dll
0x00007ff849b50000 - 0x00007ff849b60000 	C:\Program Files (x86)\JetBrains\IntelliJ IDEA Community Edition 2016.1\bin\breakgen64.dll
0x00000000764b0000 - 0x00000000764ca000 	C:\PATH\JAVA\jre\bin\net.dll
0x00007ff850f00000 - 0x00007ff850f5d000 	C:\Windows\system32\mswsock.dll
0x0000000076490000 - 0x00000000764a1000 	C:\PATH\JAVA\jre\bin\nio.dll

VM Arguments:
jvm_args: -Dmaven.multiModuleProjectDirectory=C:\cygwin64\home\l3lock\game01 -Dmaven.home=C:\PATH\apache-maven-3.3.9 -Dclassworlds.conf=C:\PATH\apache-maven-3.3.9\bin\m2.conf -Didea.launcher.port=7558 -Didea.launcher.bin.path=C:\Program Files (x86)\JetBrains\IntelliJ IDEA Community Edition 2016.1\bin -Dfile.encoding=UTF-8 
java_command: com.intellij.rt.execution.application.AppMain org.codehaus.classworlds.Launcher -Didea.version=2016.1.2 test -P java
java_class_path (initial): C:\PATH\apache-maven-3.3.9\boot\plexus-classworlds-2.5.2.jar;C:\Program Files (x86)\JetBrains\IntelliJ IDEA Community Edition 2016.1\lib\idea_rt.jar
Launcher Type: SUN_STANDARD

Environment Variables:
PATH=C:\Program Files (x86)\Intel\iCLS Client\;C:\Program Files\Intel\iCLS Client\;C:\Windows\system32;C:\Windows;C:\Windows\System32\Wbem;C:\Windows\System32\WindowsPowerShell\v1.0\;C:\Program Files (x86)\Intel\Intel(R) Management Engine Components\DAL;C:\Program Files\Intel\Intel(R) Management Engine Components\DAL;C:\Program Files (x86)\Intel\Intel(R) Management Engine Components\IPT;C:\Program Files\Intel\Intel(R) Management Engine Components\IPT;C:\PATH\JAVA\bin;C:\PATH\apache-maven-3.3.9\bin;C:\Windows\system32\config\systemprofile\.dnx\bin;C:\Program Files\Microsoft DNX\Dnvm\
USERNAME=l3lock
OS=Windows_NT
PROCESSOR_IDENTIFIER=Intel64 Family 6 Model 69 Stepping 1, GenuineIntel



---------------  S Y S T E M  ---------------

OS: Windows 10.0 , 64 bit Build 10240 (10.0.10240.16384)

CPU:total 4 (2 cores per cpu, 2 threads per core) family 6 model 69 stepping 1, cmov, cx8, fxsr, mmx, sse, sse2, sse3, ssse3, sse4.1, sse4.2, popcnt, avx, avx2, aes, clmul, erms, lzcnt, ht, tsc, tscinvbit, bmi1, bmi2

Memory: 4k page, physical 4079980k(632048k free), swap 16662892k(5764k free)

vm_info: Java HotSpot(TM) 64-Bit Server VM (25.73-b02) for windows-amd64 JRE (1.8.0_73-b02), built on Jan 29 2016 17:38:49 by "java_re" with MS VC++ 10.0 (VS2010)

time: Tue May 24 22:40:45 2016
elapsed time: 4 seconds (0d 0h 0m 4s)

